2021-09-26 19:38:38,778 [INFO] Activator:170 - 


2021-09-26 19:38:38,782 [INFO] Activator:171 - !SESSION log4j initialized
2021-09-26 19:38:58,234 [INFO] McuFinderGlobals:39 - Set McuFinder mode to 2 (CubeIDE integrated)
2021-09-26 19:38:58,670 [INFO] ApplicationProperties:181 - Using Application install path: C:\ST\STM32CubeIDE_1.5.1\STM32CubeIDE\plugins\com.st.stm32cube.common.mx_6.2.1.202103241236
2021-09-26 19:38:58,692 [INFO] DbMcusXml:74 - Set database path to: C:\ST\STM32CubeIDE_1.5.1\STM32CubeIDE\plugins\com.st.stm32cube.common.mx_6.2.1.202103241236\\db\/mcu/
2021-09-26 19:38:58,703 [INFO] DbBoardsPdsc:56 - Set plugin database path to: C:\ST\STM32CubeIDE_1.5.1\STM32CubeIDE\plugins\com.st.stm32cube.common.mx_6.2.1.202103241236\\db\/plugins/boardmanager/
2021-09-26 19:38:58,706 [INFO] DbMcus:258 - Set plugin images path to: C:\ST\STM32CubeIDE_1.5.1\STM32CubeIDE\plugins\com.st.stm32cube.common.mx_6.2.1.202103241236\\db\/plugins/mcufinder/images/
2021-09-26 19:38:58,707 [INFO] DbBoards:264 - Set plugin images path to: C:\ST\STM32CubeIDE_1.5.1\STM32CubeIDE\plugins\com.st.stm32cube.common.mx_6.2.1.202103241236\\db\/plugins/mcufinder/images/
2021-09-26 19:38:58,715 [INFO] DbExamples:333 - Set plugin images path to: C:\ST\STM32CubeIDE_1.5.1\STM32CubeIDE\plugins\com.st.stm32cube.common.mx_6.2.1.202103241236\\db\/plugins/mcufinder/images/
2021-09-26 19:38:58,729 [INFO] DbMcusAds:85 - Set database path to: C:\Users\Михаил\.stmcufinder\plugins\mcufinder//mcu/
2021-09-26 19:38:58,732 [INFO] DbMcusDocs:110 - Set database path to: C:\Users\Михаил\.stmcufinder\plugins\mcufinder//mcu/
2021-09-26 19:38:58,737 [INFO] DbMcusJson:65 - Set database path to: C:\Users\Михаил\.stmcufinder\plugins\mcufinder//mcu/
2021-09-26 19:38:58,739 [INFO] DbBoardsDocs:110 - Set database path to: C:\Users\Михаил\.stmcufinder\plugins\mcufinder//mcu/
2021-09-26 19:38:58,743 [INFO] DbBoardsJson:58 - Set database path to: C:\Users\Михаил\.stmcufinder\plugins\mcufinder//mcu/
2021-09-26 19:38:58,750 [INFO] CrossReferenceDbSqlite:196 - Set database path to: C:\Users\Михаил\.stmcufinder\plugins\mcufinder//mcu/cs/
2021-09-26 19:38:58,757 [INFO] DbExamplesSqlite:690 - Set database path to: C:\Users\Михаил\.stmcufinder\plugins\mcufinder//mcu/
2021-09-26 19:38:59,051 [INFO] RulesReader:52 - Compatibility file has been processed (237 Rules)
2021-09-26 19:38:59,298 [INFO] MicroXplorer:622 - Detected Java Version = 11.0.9.1
2021-09-26 19:38:59,301 [INFO] DbMcusXml:74 - Set database path to: C:\ST\STM32CubeIDE_1.5.1\STM32CubeIDE\plugins\com.st.stm32cube.common.mx_6.2.1.202103241236\\db\/mcu/
2021-09-26 19:38:59,304 [INFO] DbBoardsPdsc:56 - Set plugin database path to: C:\ST\STM32CubeIDE_1.5.1\STM32CubeIDE\plugins\com.st.stm32cube.common.mx_6.2.1.202103241236\\db\/plugins/boardmanager/
2021-09-26 19:38:59,305 [INFO] DbMcus:258 - Set plugin images path to: C:\ST\STM32CubeIDE_1.5.1\STM32CubeIDE\plugins\com.st.stm32cube.common.mx_6.2.1.202103241236\\db\/plugins/mcufinder/images/
2021-09-26 19:38:59,305 [INFO] DbBoards:264 - Set plugin images path to: C:\ST\STM32CubeIDE_1.5.1\STM32CubeIDE\plugins\com.st.stm32cube.common.mx_6.2.1.202103241236\\db\/plugins/mcufinder/images/
2021-09-26 19:38:59,305 [INFO] DbExamples:333 - Set plugin images path to: C:\ST\STM32CubeIDE_1.5.1\STM32CubeIDE\plugins\com.st.stm32cube.common.mx_6.2.1.202103241236\\db\/plugins/mcufinder/images/
2021-09-26 19:38:59,306 [WARN] DbFile:35 - Overriding database path with different value: C:\Users\Михаил\.stmcufinder\plugins\mcufinder/ => C:\Users\Михаил\.stmcufinder\plugins\mcufinder
2021-09-26 19:38:59,306 [INFO] DbMcusAds:85 - Set database path to: C:\Users\Михаил\.stmcufinder\plugins\mcufinder//mcu/
2021-09-26 19:38:59,306 [WARN] DbFile:35 - Overriding database path with different value: C:\Users\Михаил\.stmcufinder\plugins\mcufinder/ => C:\Users\Михаил\.stmcufinder\plugins\mcufinder
2021-09-26 19:38:59,307 [INFO] DbMcusDocs:110 - Set database path to: C:\Users\Михаил\.stmcufinder\plugins\mcufinder//mcu/
2021-09-26 19:38:59,307 [WARN] DbFile:35 - Overriding database path with different value: C:\Users\Михаил\.stmcufinder\plugins\mcufinder/ => C:\Users\Михаил\.stmcufinder\plugins\mcufinder
2021-09-26 19:38:59,307 [INFO] DbMcusJson:65 - Set database path to: C:\Users\Михаил\.stmcufinder\plugins\mcufinder//mcu/
2021-09-26 19:38:59,308 [WARN] DbFile:35 - Overriding database path with different value: C:\Users\Михаил\.stmcufinder\plugins\mcufinder/ => C:\Users\Михаил\.stmcufinder\plugins\mcufinder
2021-09-26 19:38:59,311 [INFO] DbBoardsDocs:110 - Set database path to: C:\Users\Михаил\.stmcufinder\plugins\mcufinder//mcu/
2021-09-26 19:38:59,313 [WARN] DbFile:35 - Overriding database path with different value: C:\Users\Михаил\.stmcufinder\plugins\mcufinder/ => C:\Users\Михаил\.stmcufinder\plugins\mcufinder
2021-09-26 19:38:59,326 [INFO] DbBoardsJson:58 - Set database path to: C:\Users\Михаил\.stmcufinder\plugins\mcufinder//mcu/
2021-09-26 19:38:59,327 [WARN] DbFile:35 - Overriding database path with different value: C:\Users\Михаил\.stmcufinder\plugins\mcufinder/ => C:\Users\Михаил\.stmcufinder\plugins\mcufinder
2021-09-26 19:38:59,328 [WARN] DbFile:35 - Overriding database path with different value: C:\Users\Михаил\.stmcufinder\plugins\mcufinder/ => C:\Users\Михаил\.stmcufinder\plugins\mcufinder
2021-09-26 19:38:59,328 [INFO] CrossReferenceDbSqlite:196 - Set database path to: C:\Users\Михаил\.stmcufinder\plugins\mcufinder//mcu/cs/
2021-09-26 19:38:59,328 [WARN] DbFile:35 - Overriding database path with different value: C:\Users\Михаил\.stmcufinder\plugins\mcufinder/ => C:\Users\Михаил\.stmcufinder\plugins\mcufinder
2021-09-26 19:38:59,329 [INFO] DbExamplesSqlite:690 - Set database path to: C:\Users\Михаил\.stmcufinder\plugins\mcufinder//mcu/
2021-09-26 19:38:59,498 [INFO] MainPanel:204 - HeapMemory: 300941312
2021-09-26 19:38:59,675 [INFO] DbMcusXml:74 - Set database path to: C:\ST\STM32CubeIDE_1.5.1\STM32CubeIDE\plugins\com.st.stm32cube.common.mx_6.2.1.202103241236\\db\/mcu/
2021-09-26 19:38:59,675 [INFO] DbBoardsPdsc:56 - Set plugin database path to: C:\ST\STM32CubeIDE_1.5.1\STM32CubeIDE\plugins\com.st.stm32cube.common.mx_6.2.1.202103241236\\db\/plugins/boardmanager/
2021-09-26 19:38:59,676 [INFO] DbMcus:258 - Set plugin images path to: C:\ST\STM32CubeIDE_1.5.1\STM32CubeIDE\plugins\com.st.stm32cube.common.mx_6.2.1.202103241236\\db\/plugins/mcufinder/images/
2021-09-26 19:38:59,676 [INFO] DbBoards:264 - Set plugin images path to: C:\ST\STM32CubeIDE_1.5.1\STM32CubeIDE\plugins\com.st.stm32cube.common.mx_6.2.1.202103241236\\db\/plugins/mcufinder/images/
2021-09-26 19:38:59,676 [INFO] DbExamples:333 - Set plugin images path to: C:\ST\STM32CubeIDE_1.5.1\STM32CubeIDE\plugins\com.st.stm32cube.common.mx_6.2.1.202103241236\\db\/plugins/mcufinder/images/
2021-09-26 19:38:59,677 [WARN] DbFile:35 - Overriding database path with different value: C:\Users\Михаил\.stmcufinder\plugins\mcufinder/ => C:\Users\Михаил\.stmcufinder\plugins\mcufinder
2021-09-26 19:38:59,678 [INFO] DbMcusAds:85 - Set database path to: C:\Users\Михаил\.stmcufinder\plugins\mcufinder//mcu/
2021-09-26 19:38:59,678 [WARN] DbFile:35 - Overriding database path with different value: C:\Users\Михаил\.stmcufinder\plugins\mcufinder/ => C:\Users\Михаил\.stmcufinder\plugins\mcufinder
2021-09-26 19:38:59,679 [INFO] DbMcusDocs:110 - Set database path to: C:\Users\Михаил\.stmcufinder\plugins\mcufinder//mcu/
2021-09-26 19:38:59,679 [WARN] DbFile:35 - Overriding database path with different value: C:\Users\Михаил\.stmcufinder\plugins\mcufinder/ => C:\Users\Михаил\.stmcufinder\plugins\mcufinder
2021-09-26 19:38:59,679 [INFO] DbMcusJson:65 - Set database path to: C:\Users\Михаил\.stmcufinder\plugins\mcufinder//mcu/
2021-09-26 19:38:59,680 [WARN] DbFile:35 - Overriding database path with different value: C:\Users\Михаил\.stmcufinder\plugins\mcufinder/ => C:\Users\Михаил\.stmcufinder\plugins\mcufinder
2021-09-26 19:38:59,680 [INFO] DbBoardsDocs:110 - Set database path to: C:\Users\Михаил\.stmcufinder\plugins\mcufinder//mcu/
2021-09-26 19:38:59,680 [WARN] DbFile:35 - Overriding database path with different value: C:\Users\Михаил\.stmcufinder\plugins\mcufinder/ => C:\Users\Михаил\.stmcufinder\plugins\mcufinder
2021-09-26 19:38:59,681 [INFO] DbBoardsJson:58 - Set database path to: C:\Users\Михаил\.stmcufinder\plugins\mcufinder//mcu/
2021-09-26 19:38:59,681 [WARN] DbFile:35 - Overriding database path with different value: C:\Users\Михаил\.stmcufinder\plugins\mcufinder/ => C:\Users\Михаил\.stmcufinder\plugins\mcufinder
2021-09-26 19:38:59,682 [WARN] DbFile:35 - Overriding database path with different value: C:\Users\Михаил\.stmcufinder\plugins\mcufinder/ => C:\Users\Михаил\.stmcufinder\plugins\mcufinder
2021-09-26 19:38:59,682 [INFO] CrossReferenceDbSqlite:196 - Set database path to: C:\Users\Михаил\.stmcufinder\plugins\mcufinder//mcu/cs/
2021-09-26 19:38:59,682 [WARN] DbFile:35 - Overriding database path with different value: C:\Users\Михаил\.stmcufinder\plugins\mcufinder/ => C:\Users\Михаил\.stmcufinder\plugins\mcufinder
2021-09-26 19:38:59,683 [INFO] DbExamplesSqlite:690 - Set database path to: C:\Users\Михаил\.stmcufinder\plugins\mcufinder//mcu/
2021-09-26 19:38:59,724 [INFO] ApplicationProperties:181 - Using Application install path: C:\ST\STM32CubeIDE_1.5.1\STM32CubeIDE\plugins\com.st.stm32cube.common.mx_6.2.1.202103241236
2021-09-26 19:38:59,726 [INFO] PluginManage:178 - Search for loadable plugins [exclusion list=, ]
2021-09-26 19:38:59,730 [INFO] PluginManage:292 - Check plugin analytics
2021-09-26 19:39:00,412 [INFO] AnalyticsPlugin:233 - Accepted Software Licenses: 
2021-09-26 19:39:00,414 [INFO] AnalyticsPlugin:235 - Accepted CMSIS Pack Licenses: 
2021-09-26 19:39:00,414 [INFO] AnalyticsPlugin:237 - Accepted Firmware Licenses: 
2021-09-26 19:39:00,415 [INFO] PluginManage:342 - Loaded plugin analytics (category:tool,tabindex:-1)
2021-09-26 19:39:00,416 [INFO] PluginManage:292 - Check plugin clock
2021-09-26 19:39:00,447 [INFO] PluginManage:342 - Loaded plugin clock (category:base,tabindex:2)
2021-09-26 19:39:00,448 [INFO] PluginManage:292 - Check plugin ddr
2021-09-26 19:39:00,470 [INFO] PluginManage:342 - Loaded plugin ddr (category:tool,tabindex:6)
2021-09-26 19:39:00,473 [INFO] PluginManage:292 - Check plugin filemanager
2021-09-26 19:39:01,225 [INFO] PluginManage:342 - Loaded plugin filemanager (category:base,tabindex:10)
2021-09-26 19:39:01,225 [INFO] PluginManage:292 - Check plugin ipmanager
2021-09-26 19:39:01,256 [INFO] PluginManage:342 - Loaded plugin ipmanager (category:base,tabindex:5)
2021-09-26 19:39:01,257 [INFO] PluginManage:292 - Check plugin pinoutandconfiguration
2021-09-26 19:39:01,278 [INFO] PluginManage:342 - Loaded plugin pinoutandconfiguration (category:base,tabindex:1)
2021-09-26 19:39:01,279 [INFO] PluginManage:292 - Check plugin pinoutconfig
2021-09-26 19:39:01,360 [INFO] PluginManage:342 - Loaded plugin pinoutconfig (category:base,tabindex:0)
2021-09-26 19:39:01,361 [INFO] PluginManage:292 - Check plugin power
2021-09-26 19:39:01,440 [INFO] PluginManage:342 - Loaded plugin power (category:power,tabindex:4)
2021-09-26 19:39:01,441 [INFO] PluginManage:292 - Check plugin projectmanager
2021-09-26 19:39:02,830 [INFO] PluginManage:342 - Loaded plugin projectmanager (category:projectmanager,tabindex:3)
2021-09-26 19:39:02,830 [INFO] PluginManage:292 - Check plugin thirdparty
2021-09-26 19:39:03,292 [INFO] PluginManage:342 - Loaded plugin thirdparty (category:base,tabindex:-1)
2021-09-26 19:39:03,293 [INFO] PluginManage:292 - Check plugin tools
2021-09-26 19:39:03,299 [INFO] PluginManage:342 - Loaded plugin tools (category:base,tabindex:7)
2021-09-26 19:39:03,299 [INFO] PluginManage:292 - Check plugin tutovideos
2021-09-26 19:39:03,354 [WARN] IntegrityCheckThread:59 - waiting for thirdparty lock release [integrity check]
2021-09-26 19:39:03,356 [INFO] IntegrityCheckThread:61 - entering critical section [integrity check]
2021-09-26 19:39:03,356 [INFO] ThirdPartyUpdaterWithRetryManager:56 - Updater plugin not ready yet. [1/15]
2021-09-26 19:39:04,557 [INFO] PluginManage:342 - Loaded plugin tutovideos (category:base,tabindex:-1)
2021-09-26 19:39:04,558 [INFO] PluginManage:292 - Check plugin updater
2021-09-26 19:39:04,706 [INFO] PluginManage:342 - Loaded plugin updater (category:base,tabindex:12)
2021-09-26 19:39:04,707 [INFO] PluginManage:265 - PluginManage : Loaded plugins [13]
2021-09-26 19:39:05,577 [INFO] PinOutPanel:1435 - setPackage(No Configuration,No Configuration)
2021-09-26 19:39:05,761 [INFO] IPUIPlugin:64 - create IPUIPlugin
2021-09-26 19:39:05,762 [INFO] PluginManager:203 - loadIPPluginJar : add adc
2021-09-26 19:39:05,768 [INFO] IPUIPlugin:64 - create IPUIPlugin
2021-09-26 19:39:05,768 [INFO] PluginManager:203 - loadIPPluginJar : add aes
2021-09-26 19:39:05,780 [INFO] IPUIPlugin:64 - create IPUIPlugin
2021-09-26 19:39:05,781 [INFO] PluginManager:203 - loadIPPluginJar : add can
2021-09-26 19:39:05,786 [INFO] IPUIPlugin:64 - create IPUIPlugin
2021-09-26 19:39:05,787 [INFO] PluginManager:203 - loadIPPluginJar : add comp
2021-09-26 19:39:05,792 [INFO] IPUIPlugin:64 - create IPUIPlugin
2021-09-26 19:39:05,793 [INFO] PluginManager:203 - loadIPPluginJar : add cryp
2021-09-26 19:39:05,839 [INFO] IPUIPlugin:64 - create IPUIPlugin
2021-09-26 19:39:05,839 [INFO] PluginManager:203 - loadIPPluginJar : add dfsdm
2021-09-26 19:39:05,857 [INFO] IPUIPlugin:64 - create IPUIPlugin
2021-09-26 19:39:05,859 [INFO] PluginManager:203 - loadIPPluginJar : add dma
2021-09-26 19:39:05,863 [INFO] IPUIPlugin:64 - create IPUIPlugin
2021-09-26 19:39:05,864 [INFO] PluginManager:203 - loadIPPluginJar : add fatfs
2021-09-26 19:39:05,874 [INFO] IPUIPlugin:64 - create IPUIPlugin
2021-09-26 19:39:05,874 [INFO] PluginManager:203 - loadIPPluginJar : add fmc
2021-09-26 19:39:05,923 [INFO] IPUIPlugin:64 - create IPUIPlugin
2021-09-26 19:39:05,928 [INFO] PluginManager:203 - loadIPPluginJar : add freertos
2021-09-26 19:39:05,941 [INFO] IPUIPlugin:64 - create IPUIPlugin
2021-09-26 19:39:05,942 [INFO] PluginManager:203 - loadIPPluginJar : add genericplugin
2021-09-26 19:39:06,054 [INFO] IPUIPlugin:64 - create IPUIPlugin
2021-09-26 19:39:06,054 [INFO] PluginManager:203 - loadIPPluginJar : add gfxmmu
2021-09-26 19:39:06,067 [INFO] IPUIPlugin:64 - create IPUIPlugin
2021-09-26 19:39:06,067 [INFO] PluginManager:203 - loadIPPluginJar : add gic
2021-09-26 19:39:06,076 [INFO] IPUIPlugin:64 - create IPUIPlugin
2021-09-26 19:39:06,077 [INFO] PluginManager:203 - loadIPPluginJar : add gpio
2021-09-26 19:39:06,082 [INFO] IPUIPlugin:64 - create IPUIPlugin
2021-09-26 19:39:06,100 [INFO] PluginManager:203 - loadIPPluginJar : add gtzc
2021-09-26 19:39:06,110 [INFO] IPUIPlugin:64 - create IPUIPlugin
2021-09-26 19:39:06,111 [INFO] PluginManager:203 - loadIPPluginJar : add hash
2021-09-26 19:39:06,139 [INFO] IPUIPlugin:64 - create IPUIPlugin
2021-09-26 19:39:06,139 [INFO] PluginManager:203 - loadIPPluginJar : add i2c
2021-09-26 19:39:06,146 [INFO] IPUIPlugin:64 - create IPUIPlugin
2021-09-26 19:39:06,146 [INFO] PluginManager:203 - loadIPPluginJar : add i2s
2021-09-26 19:39:06,155 [INFO] IPUIPlugin:64 - create IPUIPlugin
2021-09-26 19:39:06,155 [INFO] PluginManager:203 - loadIPPluginJar : add ipddr
2021-09-26 19:39:06,165 [INFO] IPUIPlugin:64 - create IPUIPlugin
2021-09-26 19:39:06,165 [INFO] PluginManager:203 - loadIPPluginJar : add lorawan
2021-09-26 19:39:06,169 [INFO] IPUIPlugin:64 - create IPUIPlugin
2021-09-26 19:39:06,172 [INFO] PluginManager:203 - loadIPPluginJar : add ltdc
2021-09-26 19:39:06,184 [INFO] IPUIPlugin:64 - create IPUIPlugin
2021-09-26 19:39:06,185 [INFO] PluginManager:203 - loadIPPluginJar : add mdma
2021-09-26 19:39:06,194 [INFO] IPUIPlugin:64 - create IPUIPlugin
2021-09-26 19:39:06,195 [INFO] PluginManager:203 - loadIPPluginJar : add nvic
2021-09-26 19:39:06,254 [INFO] IPUIPlugin:64 - create IPUIPlugin
2021-09-26 19:39:06,255 [INFO] PluginManager:203 - loadIPPluginJar : add opamp
2021-09-26 19:39:06,262 [INFO] IPUIPlugin:64 - create IPUIPlugin
2021-09-26 19:39:06,263 [INFO] PluginManager:203 - loadIPPluginJar : add openamp
2021-09-26 19:39:06,272 [INFO] IPUIPlugin:64 - create IPUIPlugin
2021-09-26 19:39:06,272 [INFO] PluginManager:203 - loadIPPluginJar : add pdm2pcm
2021-09-26 19:39:06,336 [INFO] IPUIPlugin:64 - create IPUIPlugin
2021-09-26 19:39:06,345 [INFO] PluginManager:203 - loadIPPluginJar : add plateformsettings
2021-09-26 19:39:06,349 [INFO] IPUIPlugin:64 - create IPUIPlugin
2021-09-26 19:39:06,350 [INFO] PluginManager:203 - loadIPPluginJar : add quadspi
2021-09-26 19:39:06,362 [INFO] IPUIPlugin:64 - create IPUIPlugin
2021-09-26 19:39:06,362 [INFO] PluginManager:203 - loadIPPluginJar : add resmgrutility
2021-09-26 19:39:06,412 [INFO] ThirdPartyUpdaterWithRetryManager:56 - Updater plugin not ready yet. [2/15]
2021-09-26 19:39:06,446 [INFO] IPUIPlugin:64 - create IPUIPlugin
2021-09-26 19:39:06,447 [INFO] PluginManager:203 - loadIPPluginJar : add sai
2021-09-26 19:39:06,453 [INFO] IPUIPlugin:64 - create IPUIPlugin
2021-09-26 19:39:06,454 [INFO] PluginManager:203 - loadIPPluginJar : add spi
2021-09-26 19:39:06,465 [INFO] IPUIPlugin:64 - create IPUIPlugin
2021-09-26 19:39:06,466 [INFO] PluginManager:203 - loadIPPluginJar : add stm32_wpan
2021-09-26 19:39:06,470 [INFO] IPUIPlugin:64 - create IPUIPlugin
2021-09-26 19:39:06,470 [INFO] PluginManager:203 - loadIPPluginJar : add tim
2021-09-26 19:39:06,548 [INFO] IPUIPlugin:64 - create IPUIPlugin
2021-09-26 19:39:06,548 [INFO] PluginManager:203 - loadIPPluginJar : add touchsensing
2021-09-26 19:39:06,552 [INFO] IPUIPlugin:64 - create IPUIPlugin
2021-09-26 19:39:06,553 [INFO] PluginManager:203 - loadIPPluginJar : add tracer_emb
2021-09-26 19:39:06,558 [INFO] IPUIPlugin:64 - create IPUIPlugin
2021-09-26 19:39:06,558 [INFO] PluginManager:203 - loadIPPluginJar : add ts
2021-09-26 19:39:06,562 [INFO] IPUIPlugin:64 - create IPUIPlugin
2021-09-26 19:39:06,562 [INFO] PluginManager:203 - loadIPPluginJar : add tsc
2021-09-26 19:39:06,566 [INFO] IPUIPlugin:64 - create IPUIPlugin
2021-09-26 19:39:06,567 [INFO] PluginManager:203 - loadIPPluginJar : add ucpd
2021-09-26 19:39:06,573 [INFO] IPUIPlugin:64 - create IPUIPlugin
2021-09-26 19:39:06,574 [INFO] PluginManager:203 - loadIPPluginJar : add usart
2021-09-26 19:39:07,526 [FATAL] Updater:284 - Updater called before beeing initialized
2021-09-26 19:39:08,051 [FATAL] Updater:284 - Updater called before beeing initialized
2021-09-26 19:39:08,060 [INFO] DbMcusAds:132 - JSON generation date=Wed Aug 18 19:24:26 GMT+05:00 2021 (1629296666117)
2021-09-26 19:39:08,060 [FATAL] Updater:284 - Updater called before beeing initialized
2021-09-26 19:39:08,156 [WARN] DetailPanel:315 - Failed to get advertising image, set to default
2021-09-26 19:39:08,801 [FATAL] Updater:284 - Updater called before beeing initialized
2021-09-26 19:39:08,805 [FATAL] Updater:284 - Updater called before beeing initialized
2021-09-26 19:39:08,806 [FATAL] Updater:284 - Updater called before beeing initialized
2021-09-26 19:39:08,806 [WARN] DetailPanel:315 - Failed to get advertising image, set to default
2021-09-26 19:39:08,813 [FATAL] Updater:284 - Updater called before beeing initialized
2021-09-26 19:39:09,056 [FATAL] Updater:284 - Updater called before beeing initialized
2021-09-26 19:39:09,057 [WARN] ThirdParty:796 - waiting for thirdparty lock release [close project]
2021-09-26 19:39:09,418 [INFO] ThirdPartyUpdaterWithRetryManager:56 - Updater plugin not ready yet. [3/15]
2021-09-26 19:39:12,434 [FATAL] Updater:284 - Updater called before beeing initialized
2021-09-26 19:39:12,435 [ERROR] AbstractThirdPartyUpdaterManager:153 - class java.lang.Integer cannot be cast to class java.util.List (java.lang.Integer and java.util.List are in module java.base of loader 'bootstrap')
2021-09-26 19:39:12,435 [INFO] ThirdParty:900 - Integrity check success = false
2021-09-26 19:39:12,439 [INFO] IntegrityCheckThread:75 - exiting critical section [integrity check]
2021-09-26 19:39:12,440 [INFO] IntegrityCheckThread:78 - End integrity checks thread
2021-09-26 19:39:12,440 [INFO] ThirdParty:798 - entering critical section [close project]
2021-09-26 19:39:12,443 [INFO] ThirdParty:809 - exiting critical section [close project]
2021-09-26 19:39:12,451 [INFO] PinOutPanel:1435 - setPackage(No Configuration,No Configuration)
2021-09-26 19:39:12,453 [FATAL] Updater:284 - Updater called before beeing initialized
2021-09-26 19:39:12,484 [ERROR] Updater:1065 - MainUpdater not yet initialized. External WinMGr cannot be set.
2021-09-26 19:39:12,534 [INFO] Updater:1002 - Updater Version found : 6.2.1
2021-09-26 19:39:12,575 [INFO] ApplicationProperties:181 - Using Application install path: C:\ST\STM32CubeIDE_1.5.1\STM32CubeIDE\plugins\com.st.stm32cube.common.mx_6.2.1.202103241236
2021-09-26 19:39:12,986 [INFO] MainUpdater:2661 - connection check result : 10
2021-09-26 19:39:12,987 [INFO] MainUpdater:255 - Updater Check For Update Now.
2021-09-26 19:39:12,988 [INFO] MicroXplorer:472 - Change Database Version : DB.6.0.21
2021-09-26 19:39:13,185 [INFO] CheckServerUpdateThread:102 - End of CheckServer Thread
2021-09-26 19:39:13,207 [INFO] MainUpdater:2661 - connection check result : 10
2021-09-26 19:39:14,699 [INFO] CrossSelectorPresenter:1330 - Cross Selector saved comparison directory: C:\Users\Михаил\.stmcufinder\plugins\mcufinder\mcu\cs_comparisons_mx
2021-09-26 19:39:15,132 [INFO] MultiScanPanel:200 - Auto-refresh data requested => check proxy status ongoing
2021-09-26 19:39:15,299 [INFO] FinderPluginLoader:87 - Searching for filters in installed packs
2021-09-26 19:39:15,302 [INFO] DbMcusXml:100 - Load MCU database from C:\ST\STM32CubeIDE_1.5.1\STM32CubeIDE\plugins\com.st.stm32cube.common.mx_6.2.1.202103241236\\db\/mcu/families.xml
2021-09-26 19:39:19,671 [INFO] DbMcusJson:94 - JSON generation date=Mon Jun 07 13:53:21 GMT+05:00 2021 (1623056001)
2021-09-26 19:39:22,567 [INFO] DbMcus:175 - Found 1906 MCUs (1866 are supported by CubeMX, 1866 are visible in CubeMX)
2021-09-26 19:39:22,569 [INFO] ApiDb:251 - Load user favorites file C:\Users\Михаил/.stm32cubeide/favorites.mcus.txt: 0 item(s)
2021-09-26 19:39:22,569 [INFO] ApiDb:255 - User favorites MCUs=[]
2021-09-26 19:39:22,570 [INFO] DbMcus:187 - Set 0 / 0 favorites MCUs
2021-09-26 19:39:24,353 [WARN] DetailPanel:315 - Failed to get advertising image, set to default
2021-09-26 19:39:26,166 [INFO] DbBoardsPdsc:90 - Found 24 items
2021-09-26 19:39:26,174 [INFO] DbBoardsPdsc:90 - Found 9 items
2021-09-26 19:39:26,186 [INFO] DbBoardsPdsc:90 - Found 33 items
2021-09-26 19:39:26,189 [INFO] DbBoardsPdsc:90 - Found 1 items
2021-09-26 19:39:26,213 [INFO] DbBoardsPdsc:90 - Found 46 items
2021-09-26 19:39:26,247 [INFO] DbBoardsPdsc:90 - Found 41 items
2021-09-26 19:39:26,250 [INFO] DbBoardsPdsc:90 - Found 2 items
2021-09-26 19:39:26,256 [INFO] DbBoardsPdsc:90 - Found 5 items
2021-09-26 19:39:26,263 [WARN] DbBoardsPdsc:254 - Board NUCLEO-WB15CC: unknown feature type=, name=, username=Three user LEDs, n=1
2021-09-26 19:39:26,263 [WARN] DbBoardsPdsc:254 - Board NUCLEO-WB15CC: unknown feature type=, name=, username=One reset and three user push-buttons, n=1
2021-09-26 19:39:26,264 [WARN] DbBoardsPdsc:254 - Board NUCLEO-WB15CC: unknown feature type=, name=, username=Arduino Uno V3 expansion connector, n=1
2021-09-26 19:39:26,264 [WARN] DbBoardsPdsc:254 - Board NUCLEO-WB15CC: unknown feature type=, name=, username=ST morpho extension pin headers for full access to all STM32WB I/Os, n=1
2021-09-26 19:39:26,264 [WARN] DbBoardsPdsc:254 - Board NUCLEO-WB15CC: unknown feature type=, name=, username=Integrated PCB antenna and SMA connector footprint, n=1
2021-09-26 19:39:26,264 [WARN] DbBoardsPdsc:254 - Board NUCLEO-WB15CC: unknown feature type=, name=, username=Flexible power-supply options: ST-LINK, USB VBUS, or external sources, n=1
2021-09-26 19:39:26,264 [WARN] DbBoardsPdsc:254 - Board NUCLEO-WB15CC: unknown feature type=, name=, username=On-board footprint to mount a CR2032 battery socket, n=1
2021-09-26 19:39:26,265 [WARN] DbBoardsPdsc:254 - Board NUCLEO-WB15CC: unknown feature type=, name=, username=On-board ST-LINK/V2-1 debugger/programmer with USB re-enumeration capability: mass storage, Virtual COM port, and debug port, n=1
2021-09-26 19:39:26,265 [WARN] DbBoardsPdsc:254 - Board NUCLEO-WB15CC: unknown feature type=, name=, username=Comprehensive free software libraries and examples available with the STM32CubeWB MCU Package, n=1
2021-09-26 19:39:26,265 [WARN] DbBoardsPdsc:254 - Board NUCLEO-WB15CC: unknown feature type=, name=, username=Support of a wide choice of Integrated Development Environments (IDEs) including IAR Embedded Workbench, MDK-ARM, STM32CubeIDE, and Mbed Studio, n=1
2021-09-26 19:39:26,271 [WARN] DbBoardsPdsc:254 - Board STM32H7B3I-DK: unknown feature type=Audio, name=, username=Audio stereo codec with Headphone Amp (CS42L51-CNZ), n=1
2021-09-26 19:39:26,272 [WARN] DbBoardsPdsc:254 - Board STM32H735G-DK: unknown feature type=Audio, name=, username=Audio stereo codec with Headphone Amp (WM8994ECS/R), n=1
2021-09-26 19:39:26,277 [WARN] DbBoardsPdsc:254 - Board STM32WB5MM-DK: unknown feature type=, name=, username=Time-of-Flight and gesture-detection sensor, n=1
2021-09-26 19:39:26,278 [WARN] DbBoardsPdsc:254 - Board STM32WB5MM-DK: unknown feature type=, name=, username=3 push-buttons (2 users and 1 reset) and 1 touch key button, n=1
2021-09-26 19:39:26,278 [WARN] DbBoardsPdsc:254 - Board STM32WB5MM-DK: unknown feature type=, name=, username=Flexible power-supply options: ST-LINK/V2-1 USB connector, 5 V delivered by ARDUINO?® or external connector, USB charger, or USB power, n=1
2021-09-26 19:39:26,278 [WARN] DbBoardsPdsc:254 - Board STM32WB5MM-DK: unknown feature type=, name=, username=On-board ST-LINK/V2-1 debugger/programmer with USB re-enumeration capability: Virtual COM port and debug port, n=1
2021-09-26 19:39:26,279 [WARN] DbBoardsPdsc:254 - Board STM32WB5MM-DK: unknown feature type=, name=, username=Comprehensive free software libraries and examples available with the STM32CubeWB MCU Package, n=1
2021-09-26 19:39:26,280 [WARN] DbBoardsPdsc:254 - Board STM32WB5MM-DK: unknown feature type=, name=, username=Support of a wide choice of Integrated Development Environments (IDEs) including IAR Embedded Workbench?®, MDK-ARM, and STM32CubeIDE, n=1
2021-09-26 19:39:26,296 [WARN] DbBoardsPdsc:254 - Board STM32H7B3I-EVAL: unknown feature type=Audio, name=, username=Multi-Channel Audio Codec (CS42L51-CNZ), n=1
2021-09-26 19:39:26,296 [WARN] DbBoardsPdsc:254 - Board STM32H7B3I-EVAL: unknown feature type=Meter, name=, username=Power-metering and Temperature-monitoring with sigma-delta modulators, n=1
2021-09-26 19:39:26,296 [WARN] DbBoardsPdsc:254 - Board STM32H7B3I-EVAL: unknown feature type=Motor, name=, username=Motor Control, n=1
2021-09-26 19:39:26,346 [INFO] DbBoardsJson:87 - JSON generation date=Tue Jun 01 10:52:40 GMT+05:00 2021 (1622526760)
2021-09-26 19:39:26,367 [INFO] DbBoards:117 - Found 161 boards (158 are supported by CubeMX)
2021-09-26 19:39:26,413 [INFO] DbBoardsDocs:143 - JSON generation date=Tue Jun 01 10:52:40 GMT+05:00 2021 (1622526760)
2021-09-26 19:39:26,510 [INFO] DbBoardsDocs:79 - Found 193 boards documents
2021-09-26 19:39:26,511 [WARN] DbBoards:127 - board B-L462E-CELL1 has no document id list !
2021-09-26 19:39:26,511 [WARN] DbBoards:127 - board B-L475E-IOT01A2 has no document id list !
2021-09-26 19:39:26,513 [WARN] DbBoards:127 - board NUCLEO-G0B1RE has no document id list !
2021-09-26 19:39:26,514 [WARN] DbBoards:127 - board NUCLEO-H743ZI has no document id list !
2021-09-26 19:39:26,515 [WARN] DbBoards:127 - board NUCLEO-L4A6ZG has no document id list !
2021-09-26 19:39:26,516 [WARN] DbBoards:127 - board NUCLEO-WB15CC has no document id list !
2021-09-26 19:39:26,516 [WARN] DbBoards:127 - board NUCLEO-WB55RG has no document id list !
2021-09-26 19:39:26,517 [WARN] DbBoards:127 - board NUCLEO-WL55JC2 has no document id list !
2021-09-26 19:39:26,517 [WARN] DbBoards:127 - board P-NUCLEO-WB55-Nucleo has no document id list !
2021-09-26 19:39:26,517 [WARN] DbBoards:127 - board P-NUCLEO-WB55-USBDongle has no document id list !
2021-09-26 19:39:26,517 [WARN] DbBoards:127 - board STEVAL-BFA001V1B has no document id list !
2021-09-26 19:39:26,517 [WARN] DbBoards:127 - board STEVAL-BFA001V2B has no document id list !
2021-09-26 19:39:26,518 [WARN] DbBoards:127 - board STEVAL-IDP005V1 has no document id list !
2021-09-26 19:39:26,518 [WARN] DbBoards:127 - board STEVAL-IDP005V2 has no document id list !
2021-09-26 19:39:26,518 [WARN] DbBoards:127 - board STEVAL-MKSBOX1V1 has no document id list !
2021-09-26 19:39:26,518 [WARN] DbBoards:127 - board STEVAL-STWINKT1 has no document id list !
2021-09-26 19:39:26,518 [WARN] DbBoards:127 - board STEVAL-STWINKT1B has no document id list !
2021-09-26 19:39:26,519 [WARN] DbBoards:127 - board STM32F401C-DISCO has no document id list !
2021-09-26 19:39:26,521 [WARN] DbBoards:127 - board STM32F769I-DISC1 has no document id list !
2021-09-26 19:39:26,521 [WARN] DbBoards:127 - board STM32G0C1E-EV has no document id list !
2021-09-26 19:39:26,522 [WARN] DbBoards:127 - board STM32G474E-EVAL1 has no document id list !
2021-09-26 19:39:26,522 [WARN] DbBoards:127 - board STM32H743I-EVAL2 has no document id list !
2021-09-26 19:39:26,522 [WARN] DbBoards:127 - board STM32H747I-DISC1 has no document id list !
2021-09-26 19:39:26,523 [WARN] DbBoards:127 - board STM32H753I-EVAL2 has no document id list !
2021-09-26 19:39:26,523 [WARN] DbBoards:127 - board STM32L-DISCOVERY has no document id list !
2021-09-26 19:39:26,525 [WARN] DbBoards:127 - board STM32MP157A-DK1 has no document id list !
2021-09-26 19:39:26,525 [WARN] DbBoards:127 - board STM32MP157F-DK2 has no document id list !
2021-09-26 19:39:26,525 [WARN] DbBoards:127 - board STM32MP157F-EV1 has no document id list !
2021-09-26 19:39:26,526 [WARN] DbBoards:127 - board STM32WB5MM-DK has no document id list !
2021-09-26 19:39:33,791 [INFO] ApiDb:251 - Load user favorites file C:\Users\Михаил/.stm32cubeide/favorites.boards.txt: 0 item(s)
2021-09-26 19:39:33,791 [INFO] ApiDb:255 - User favorites Boards=[]
2021-09-26 19:39:33,791 [INFO] DbBoards:206 - Set 0 / 0 favorites Boards
2021-09-26 19:40:05,379 [INFO] DbMcusDocs:143 - JSON generation date=Mon Jun 07 13:53:21 GMT+05:00 2021 (1623056001)
2021-09-26 19:40:06,567 [INFO] DbMcusDocs:79 - Found 669 MCUs documents
2021-09-26 19:40:31,142 [INFO] MainUpdater:2661 - connection check result : 10
2021-09-26 19:40:31,143 [INFO] MainUpdater:2661 - connection check result : 10
2021-09-26 19:40:31,204 [INFO] MicroXplorer:442 - Change Database Path : 
2021-09-26 19:40:31,207 [INFO] MicroXplorer:472 - Change Database Version : DB.6.0.21
2021-09-26 19:40:31,208 [WARN] ThirdParty:796 - waiting for thirdparty lock release [close project]
2021-09-26 19:40:31,208 [INFO] ThirdParty:798 - entering critical section [close project]
2021-09-26 19:40:31,208 [INFO] ThirdParty:809 - exiting critical section [close project]
2021-09-26 19:40:31,230 [INFO] PinOutPanel:1435 - setPackage(No Configuration,No Configuration)
2021-09-26 19:40:31,232 [INFO] UtilMem:74 - Begin LoadConfig() Used Memory: 418100224 Bytes (795869184)
2021-09-26 19:40:31,244 [INFO] MicroXplorer:442 - Change Database Path : 
2021-09-26 19:40:31,246 [INFO] MicroXplorer:472 - Change Database Version : DB.6.0.21
2021-09-26 19:40:31,247 [INFO] OpenFileManager:303 - Change cursor
2021-09-26 19:40:31,292 [WARN] IntegrityCheckThread:59 - waiting for thirdparty lock release [integrity check]
2021-09-26 19:40:31,293 [INFO] IntegrityCheckThread:61 - entering critical section [integrity check]
2021-09-26 19:40:31,569 [WARN] PackLoader:226 - Cannot read IP mode file for STMicroelectronics.X-CUBE-SUBG2.4.1.0
2021-09-26 19:40:31,856 [WARN] PackLoader:226 - Cannot read IP mode file for STMicroelectronics.X-CUBE-MEMS1.9.0.0
2021-09-26 19:40:32,663 [WARN] PackLoader:226 - Cannot read IP mode file for STMicroelectronics.X-CUBE-AZRTOS-H7.1.1.0
2021-09-26 19:40:32,834 [WARN] PackLoader:226 - Cannot read IP mode file for SEGGER.I-CUBE-embOS.1.2.0
2021-09-26 19:40:32,956 [WARN] PackLoader:226 - Cannot read IP mode file for STMicroelectronics.X-CUBE-BLE1.6.2.0
2021-09-26 19:40:32,969 [WARN] PackLoader:226 - Cannot read IP mode file for STMicroelectronics.X-CUBE-BLE1.6.2.1
2021-09-26 19:40:32,980 [WARN] PackLoader:226 - Cannot read IP mode file for STMicroelectronics.X-CUBE-BLE2.3.2.1
2021-09-26 19:40:33,014 [WARN] PackLoader:226 - Cannot read IP mode file for STMicroelectronics.X-CUBE-NFC4.2.0.3
2021-09-26 19:40:33,029 [WARN] PackLoader:226 - Cannot read IP mode file for STMicroelectronics.X-CUBE-TOUCHGFX.4.17.0
2021-09-26 19:40:33,071 [WARN] PackLoader:226 - Cannot read IP mode file for STMicroelectronics.X-CUBE-SFXS2LP1.3.1.0
2021-09-26 19:40:33,136 [WARN] PackLoader:226 - Cannot read IP mode file for STMicroelectronics.X-CUBE-AZRTOS-F4.1.0.0
2021-09-26 19:40:33,197 [WARN] PackLoader:226 - Cannot read IP mode file for STMicroelectronics.X-CUBE-AZRTOS-H7.2.0.0
2021-09-26 19:40:33,221 [WARN] PackLoader:226 - Cannot read IP mode file for STMicroelectronics.X-CUBE-TOF1.2.0.0
2021-09-26 19:40:33,247 [WARN] PackLoader:226 - Cannot read IP mode file for STMicroelectronics.X-CUBE-SUBG2.4.2.0
2021-09-26 19:40:33,265 [WARN] PackLoader:226 - Cannot read IP mode file for STMicroelectronics.X-CUBE-ALS.1.0.1
2021-09-26 19:40:33,276 [WARN] PackLoader:226 - Cannot read IP mode file for STMicroelectronics.X-CUBE-AI.7.0.0
2021-09-26 19:40:33,289 [WARN] PackLoader:226 - Cannot read IP mode file for STMicroelectronics.X-CUBE-ALGOBUILD.1.2.1
2021-09-26 19:40:33,300 [WARN] PackLoader:226 - Cannot read IP mode file for STMicroelectronics.X-CUBE-EEPRMA1.3.1.0
2021-09-26 19:40:33,303 [INFO] ThirdParty:900 - Integrity check success = true
2021-09-26 19:40:33,303 [INFO] IntegrityCheckThread:75 - exiting critical section [integrity check]
2021-09-26 19:40:33,304 [INFO] IntegrityCheckThread:78 - End integrity checks thread
2021-09-26 19:40:58,742 [INFO] Context:587 - Trying to add GPIOservice into a context  which must be forbidden
2021-09-26 19:40:59,937 [INFO] ImportTextPane:162 - (OptionalMessage_ERROR) Unable to find key (Mcu.ThirdPartyNb) in loaded IOC file
2021-09-26 19:40:59,938 [INFO] ImportTextPane:162 - (OptionalMessage_ERROR) Unable to find key (Mcu.PinsNb) in loaded IOC file
2021-09-26 19:40:59,938 [INFO] ImportTextPane:162 - (OptionalMessage_ERROR) Unable to find key (Mcu.IPNb) in loaded IOC file
2021-09-26 19:41:00,338 [WARN] ApiManager:294 - Cannot register API 'Board Extension:S2868A1' from pack STMicroelectronics.X-CUBE-SFXS2LP1.3.1.0: no header file found
2021-09-26 19:41:00,339 [WARN] ApiManager:294 - Cannot register API 'Board Extension:S2868A2' from pack STMicroelectronics.X-CUBE-SFXS2LP1.3.1.0: no header file found
2021-09-26 19:41:00,339 [WARN] ApiManager:294 - Cannot register API 'Board Extension:S2915A1' from pack STMicroelectronics.X-CUBE-SFXS2LP1.3.1.0: no header file found
2021-09-26 19:41:00,391 [WARN] ModelIntegratedComponent:51 - No mode defined for component null
2021-09-26 19:41:00,392 [WARN] ModelIntegratedComponent:51 - No mode defined for component null
2021-09-26 19:41:00,392 [WARN] ModelIntegratedComponent:51 - No mode defined for component null
2021-09-26 19:41:00,393 [WARN] ModelIntegratedComponent:51 - No mode defined for component null
2021-09-26 19:41:00,393 [WARN] ModelIntegratedComponent:51 - No mode defined for component null
2021-09-26 19:41:00,393 [WARN] ModelIntegratedComponent:51 - No mode defined for component null
2021-09-26 19:41:00,394 [WARN] ModelIntegratedComponent:51 - No mode defined for component null
2021-09-26 19:41:00,394 [WARN] ModelIntegratedComponent:51 - No mode defined for component null
2021-09-26 19:41:00,394 [WARN] ModelIntegratedComponent:51 - No mode defined for component null
2021-09-26 19:41:00,394 [WARN] ModelIntegratedComponent:51 - No mode defined for component null
2021-09-26 19:41:00,395 [WARN] ModelIntegratedComponent:51 - No mode defined for component null
2021-09-26 19:41:00,395 [WARN] ModelIntegratedComponent:51 - No mode defined for component null
2021-09-26 19:41:00,395 [WARN] ModelIntegratedComponent:51 - No mode defined for component null
2021-09-26 19:41:00,396 [WARN] ModelIntegratedComponent:51 - No mode defined for component null
2021-09-26 19:41:00,396 [WARN] ModelIntegratedComponent:51 - No mode defined for component null
2021-09-26 19:41:00,396 [WARN] ModelIntegratedComponent:51 - No mode defined for component null
2021-09-26 19:41:00,397 [WARN] ModelIntegratedComponent:51 - No mode defined for component null
2021-09-26 19:41:00,397 [WARN] ModelIntegratedComponent:51 - No mode defined for component null
2021-09-26 19:41:00,398 [WARN] ModelIntegratedComponent:51 - No mode defined for component null
2021-09-26 19:41:00,398 [WARN] ModelIntegratedComponent:51 - No mode defined for component null
2021-09-26 19:41:00,398 [WARN] ModelIntegratedComponent:51 - No mode defined for component null
2021-09-26 19:41:00,399 [WARN] ModelIntegratedComponent:51 - No mode defined for component null
2021-09-26 19:41:00,399 [WARN] ModelIntegratedComponent:51 - No mode defined for component null
2021-09-26 19:41:00,399 [WARN] ModelIntegratedComponent:51 - No mode defined for component null
2021-09-26 19:41:00,400 [WARN] ModelIntegratedComponent:51 - No mode defined for component null
2021-09-26 19:41:00,400 [WARN] ModelIntegratedComponent:51 - No mode defined for component null
2021-09-26 19:41:00,400 [WARN] ModelIntegratedComponent:51 - No mode defined for component null
2021-09-26 19:41:00,426 [WARN] ApiManager:294 - Cannot register API 'Board Extension:S2868A1' from pack STMicroelectronics.X-CUBE-SUBG2.4.1.0: no header file found
2021-09-26 19:41:00,427 [WARN] ApiManager:294 - Cannot register API 'Board Extension:S2868A2' from pack STMicroelectronics.X-CUBE-SUBG2.4.1.0: no header file found
2021-09-26 19:41:00,427 [WARN] ApiManager:294 - Cannot register API 'Board Extension:S2915A1' from pack STMicroelectronics.X-CUBE-SUBG2.4.1.0: no header file found
2021-09-26 19:41:00,903 [WARN] ApiManager:294 - Cannot register API 'Board Extension:IKS01A3' from pack STMicroelectronics.X-CUBE-MEMS1.9.0.0: no header file found
2021-09-26 19:41:00,903 [WARN] ApiManager:294 - Cannot register API 'Board Extension:IKS01A2' from pack STMicroelectronics.X-CUBE-MEMS1.9.0.0: no header file found
2021-09-26 19:41:00,904 [WARN] ApiManager:294 - Cannot register API 'Board Extension:IKS02A1' from pack STMicroelectronics.X-CUBE-MEMS1.9.0.0: no header file found
2021-09-26 19:41:01,015 [WARN] ApiManager:294 - Cannot register API 'Board Extension:S2868A1' from pack STMicroelectronics.X-CUBE-SUBG2.4.2.0: no header file found
2021-09-26 19:41:01,016 [WARN] ApiManager:294 - Cannot register API 'Board Extension:S2868A2' from pack STMicroelectronics.X-CUBE-SUBG2.4.2.0: no header file found
2021-09-26 19:41:01,016 [WARN] ApiManager:294 - Cannot register API 'Board Extension:S2915A1' from pack STMicroelectronics.X-CUBE-SUBG2.4.2.0: no header file found
2021-09-26 19:41:01,036 [INFO] RtosManager:470 - Registered RTOS mode: class=CMSIS, group=RTOS, mode=CMSIS_V1, owner=FREERTOS
2021-09-26 19:41:01,037 [INFO] RtosManager:470 - Registered RTOS mode: class=CMSIS, group=RTOS2, mode=CMSIS_V2, owner=FREERTOS
2021-09-26 19:41:01,037 [INFO] RtosManager:470 - Registered RTOS mode: class=RTOS, group=Core, mode=CMSIS_V1, owner=FREERTOS
2021-09-26 19:41:01,038 [INFO] RtosManager:470 - Registered RTOS mode: class=RTOS, group=Core, mode=CMSIS_V2, owner=FREERTOS
2021-09-26 19:41:01,038 [WARN] ModelIntegratedComponent:182 - Missing modes for component STMicroelectronics:FreeRTOS:0.0.1:STMicroelectronics:RTOS:FreeRTOS:Core:::10.2.0:
2021-09-26 19:41:01,053 [WARN] ApiManager:294 - Cannot register API 'Board Extension:EEPRMA1' from pack STMicroelectronics.X-CUBE-EEPRMA1.3.1.0: no header file found
2021-09-26 19:41:01,053 [WARN] ApiManager:294 - Cannot register API 'Board Extension:EEPRMA2' from pack STMicroelectronics.X-CUBE-EEPRMA1.3.1.0: no header file found
2021-09-26 19:41:01,055 [WARN] ApiManager:294 - Cannot register API 'Wireless:BlueNRG-MS' from pack STMicroelectronics.X-CUBE-BLE1.6.2.0: no header file found
2021-09-26 19:41:01,056 [WARN] ApiManager:294 - Cannot register API 'Wireless:BlueNRG-MS' from pack STMicroelectronics.X-CUBE-BLE1.6.2.1: no header file found
2021-09-26 19:41:01,058 [WARN] ApiManager:294 - Cannot register API 'Wireless:BlueNRG-2' from pack STMicroelectronics.X-CUBE-BLE2.3.2.1: no header file found
2021-09-26 19:41:01,068 [WARN] ApiManager:294 - Cannot register API 'Board Extension:NFC04A1' from pack STMicroelectronics.X-CUBE-NFC4.2.0.3: no header file found
2021-09-26 19:41:04,911 [INFO] UtilMem:74 - End LoadConfig() Used Memory: 639470616 Bytes (836763648)
2021-09-26 19:41:04,915 [WARN] ThirdParty:762 - waiting for thirdparty lock release [change project]
2021-09-26 19:41:04,915 [INFO] ThirdParty:764 - entering critical section [change project]
2021-09-26 19:41:04,915 [INFO] ThirdParty:952 - CMSIS Pack Vendor :STMicroelectronics X-CUBE-SFXS2LP1 3.1.0
2021-09-26 19:41:04,916 [INFO] ThirdParty:952 - CMSIS Pack Vendor :STMicroelectronics X-CUBE-AZRTOS-F4 1.0.0
2021-09-26 19:41:04,916 [INFO] ThirdParty:952 - CMSIS Pack Vendor :STMicroelectronics USB_HOST 2.0.0
2021-09-26 19:41:04,916 [INFO] ThirdParty:952 - CMSIS Pack Vendor :STMicroelectronics X-CUBE-AZRTOS-H7 2.0.0
2021-09-26 19:41:04,916 [INFO] ThirdParty:952 - CMSIS Pack Vendor :STMicroelectronics USB_DEVICE 3.0.0
2021-09-26 19:41:04,917 [INFO] ThirdParty:952 - CMSIS Pack Vendor :STMicroelectronics X-CUBE-TOF1 2.0.0
2021-09-26 19:41:04,917 [INFO] ThirdParty:952 - CMSIS Pack Vendor :STMicroelectronics HAL Drivers 0.0.0
2021-09-26 19:41:04,917 [INFO] ThirdParty:952 - CMSIS Pack Vendor :STMicroelectronics MBEDTLS 2.16.2
2021-09-26 19:41:04,917 [INFO] ThirdParty:952 - CMSIS Pack Vendor :STMicroelectronics MBEDTLS 2.14.1
2021-09-26 19:41:04,917 [INFO] ThirdParty:952 - CMSIS Pack Vendor :STMicroelectronics X-CUBE-SUBG2 4.1.0
2021-09-26 19:41:04,917 [INFO] ThirdParty:952 - CMSIS Pack Vendor :STMicroelectronics X-CUBE-MEMS1 9.0.0
2021-09-26 19:41:04,918 [INFO] ThirdParty:952 - CMSIS Pack Vendor :STMicroelectronics X-CUBE-AZRTOS-H7 1.1.0
2021-09-26 19:41:04,918 [INFO] ThirdParty:952 - CMSIS Pack Vendor :STMicroelectronics X-CUBE-SUBG2 4.2.0
2021-09-26 19:41:04,918 [INFO] ThirdParty:952 - CMSIS Pack Vendor :STMicroelectronics X-CUBE-ALS 1.0.1
2021-09-26 19:41:04,918 [INFO] ThirdParty:952 - CMSIS Pack Vendor :STMicroelectronics USB_DEVICE 2.0.0
2021-09-26 19:41:04,918 [INFO] ThirdParty:952 - CMSIS Pack Vendor :STMicroelectronics X-CUBE-AI 7.0.0
2021-09-26 19:41:04,919 [INFO] ThirdParty:952 - CMSIS Pack Vendor :STMicroelectronics X-CUBE-ALGOBUILD 1.2.1
2021-09-26 19:41:04,919 [INFO] ThirdParty:952 - CMSIS Pack Vendor :STMicroelectronics FreeRTOS 0.0.1
2021-09-26 19:41:04,919 [INFO] ThirdParty:952 - CMSIS Pack Vendor :STMicroelectronics USB_DEVICE 1.0.0
2021-09-26 19:41:04,919 [INFO] ThirdParty:952 - CMSIS Pack Vendor :SEGGER I-CUBE-embOS 1.2.0
2021-09-26 19:41:04,919 [INFO] ThirdParty:952 - CMSIS Pack Vendor :STMicroelectronics X-CUBE-EEPRMA1 3.1.0
2021-09-26 19:41:04,919 [INFO] ThirdParty:952 - CMSIS Pack Vendor :STMicroelectronics lwIP 2.0.3
2021-09-26 19:41:04,920 [INFO] ThirdParty:952 - CMSIS Pack Vendor :STMicroelectronics lwIP 2.1.2
2021-09-26 19:41:04,920 [INFO] ThirdParty:952 - CMSIS Pack Vendor :STMicroelectronics X-CUBE-BLE1 6.2.0
2021-09-26 19:41:04,920 [INFO] ThirdParty:952 - CMSIS Pack Vendor :STMicroelectronics X-CUBE-BLE1 6.2.1
2021-09-26 19:41:04,920 [INFO] ThirdParty:952 - CMSIS Pack Vendor :STMicroelectronics X-CUBE-BLE2 3.2.1
2021-09-26 19:41:04,921 [INFO] ThirdParty:952 - CMSIS Pack Vendor :STMicroelectronics USB_HOST 1.0.0
2021-09-26 19:41:04,921 [INFO] ThirdParty:952 - CMSIS Pack Vendor :STMicroelectronics X-CUBE-NFC4 2.0.3
2021-09-26 19:41:04,921 [INFO] ThirdParty:952 - CMSIS Pack Vendor :STMicroelectronics X-CUBE-TOUCHGFX 4.17.0
2021-09-26 19:41:04,921 [INFO] ThirdParty:952 - CMSIS Pack Vendor :STMicroelectronics PDM2PCM 3.1.0
2021-09-26 19:41:04,921 [INFO] ThirdParty:952 - CMSIS Pack Vendor :STMicroelectronics PDM2PCM 3.2.0
2021-09-26 19:41:04,922 [INFO] ThirdParty:952 - CMSIS Pack Vendor :STMicroelectronics PDM2PCM 3.3.0
2021-09-26 19:41:04,922 [INFO] ThirdParty:770 - exiting critical section [change project]
2021-09-26 19:41:06,107 [INFO] PinOutPanel:1435 - setPackage(No Configuration,No Configuration)
2021-09-26 19:41:06,110 [INFO] PinOutPanel:1435 - setPackage(STM32F072C8Tx,LQFP48)
2021-09-26 19:41:08,762 [INFO] UtilMem:74 - Before build in PCC Used Memory: 619515392 Bytes (836763648)
2021-09-26 19:41:10,093 [INFO] SharedServices:72 - Folder for power plug-in: C:/Users/Михаил/.stm32cubemx/plugins/power
2021-09-26 19:41:10,209 [INFO] SharedServices:72 - Folder for power plug-in: C:/Users/Михаил/.stm32cubemx/plugins/power
2021-09-26 19:41:10,325 [INFO] SharedServices:72 - Folder for power plug-in: C:/Users/Михаил/.stm32cubemx/plugins/power
2021-09-26 19:41:10,339 [INFO] SharedServices:72 - Folder for power plug-in: C:/Users/Михаил/.stm32cubemx/plugins/power
2021-09-26 19:41:10,843 [INFO] UtilMem:74 - After build in PCC Used Memory: 702875136 Bytes (836763648)
2021-09-26 19:41:10,931 [INFO] IPUIPlugin:64 - create IPUIPlugin
2021-09-26 19:41:10,932 [INFO] IPUIPlugin:64 - create IPUIPlugin
2021-09-26 19:41:10,932 [INFO] IPUIPlugin:64 - create IPUIPlugin
2021-09-26 19:41:10,932 [INFO] IPUIPlugin:64 - create IPUIPlugin
2021-09-26 19:41:10,933 [INFO] IPUIPlugin:64 - create IPUIPlugin
2021-09-26 19:41:10,934 [INFO] IPUIPlugin:64 - create IPUIPlugin
2021-09-26 19:41:10,935 [INFO] IPUIPlugin:64 - create IPUIPlugin
2021-09-26 19:41:10,936 [INFO] IPUIPlugin:64 - create IPUIPlugin
2021-09-26 19:41:10,936 [INFO] IPUIPlugin:64 - create IPUIPlugin
2021-09-26 19:41:10,937 [INFO] IPUIPlugin:64 - create IPUIPlugin
2021-09-26 19:41:10,938 [INFO] IPUIPlugin:64 - create IPUIPlugin
2021-09-26 19:41:10,940 [INFO] IPUIPlugin:64 - create IPUIPlugin
2021-09-26 19:41:10,941 [INFO] IPUIPlugin:64 - create IPUIPlugin
2021-09-26 19:41:10,942 [INFO] IPUIPlugin:64 - create IPUIPlugin
2021-09-26 19:41:10,943 [INFO] IPUIPlugin:64 - create IPUIPlugin
2021-09-26 19:41:10,944 [INFO] IPUIPlugin:64 - create IPUIPlugin
2021-09-26 19:41:10,945 [INFO] IPUIPlugin:64 - create IPUIPlugin
2021-09-26 19:41:10,945 [INFO] IPUIPlugin:64 - create IPUIPlugin
2021-09-26 19:41:10,946 [INFO] IPUIPlugin:64 - create IPUIPlugin
2021-09-26 19:41:10,947 [INFO] IPUIPlugin:64 - create IPUIPlugin
2021-09-26 19:41:10,948 [INFO] IPUIPlugin:64 - create IPUIPlugin
2021-09-26 19:41:10,949 [INFO] IPUIPlugin:64 - create IPUIPlugin
2021-09-26 19:41:10,951 [INFO] IPUIPlugin:64 - create IPUIPlugin
2021-09-26 19:41:10,952 [INFO] IPUIPlugin:64 - create IPUIPlugin
2021-09-26 19:41:10,953 [INFO] IPUIPlugin:64 - create IPUIPlugin
2021-09-26 19:41:10,955 [INFO] IPUIPlugin:64 - create IPUIPlugin
2021-09-26 19:41:10,956 [INFO] IPUIPlugin:64 - create IPUIPlugin
2021-09-26 19:41:10,957 [INFO] IPUIPlugin:64 - create IPUIPlugin
2021-09-26 19:41:10,959 [INFO] IPUIPlugin:64 - create IPUIPlugin
2021-09-26 19:41:10,960 [INFO] IPUIPlugin:64 - create IPUIPlugin
2021-09-26 19:41:10,962 [INFO] IPUIPlugin:64 - create IPUIPlugin
2021-09-26 19:41:10,963 [INFO] IPUIPlugin:64 - create IPUIPlugin
2021-09-26 19:41:10,964 [INFO] IPUIPlugin:64 - create IPUIPlugin
2021-09-26 19:41:10,966 [INFO] IPUIPlugin:64 - create IPUIPlugin
2021-09-26 19:41:10,968 [INFO] IPUIPlugin:64 - create IPUIPlugin
2021-09-26 19:41:10,970 [INFO] IPUIPlugin:64 - create IPUIPlugin
2021-09-26 19:41:10,971 [INFO] IPUIPlugin:64 - create IPUIPlugin
2021-09-26 19:41:10,973 [INFO] IPUIPlugin:64 - create IPUIPlugin
2021-09-26 19:41:10,975 [INFO] IPUIPlugin:64 - create IPUIPlugin
2021-09-26 19:41:10,977 [INFO] IPUIPlugin:64 - create IPUIPlugin
2021-09-26 19:41:10,979 [INFO] IPUIPlugin:64 - create IPUIPlugin
2021-09-26 19:41:11,058 [INFO] LogOutputStream:76 - [STDOUT_REDIRECT] toolchainItems.length=====1
2021-09-26 19:41:11,482 [INFO] OpenFileManager:323 - Restore cursor
2021-09-26 19:41:12,661 [INFO] UtilMem:74 - End SaveConfig() Used Memory: 660663808 Bytes (836763648)
2021-09-26 19:41:12,788 [INFO] UtilMem:74 - End SaveConfig() Used Memory: 669052416 Bytes (836763648)
2021-09-26 19:41:13,814 [INFO] BlockDiagram:2735 - set Specific Code input for plugin: NVIC
2021-09-26 19:41:13,814 [INFO] BlockDiagram:2735 - set Specific Code input for plugin: SYS
2021-09-26 19:41:13,815 [INFO] BlockDiagram:2735 - set Specific Code input for plugin: RCC
2021-09-26 19:41:13,816 [INFO] CodeGenerator:641 - code generatio: config db path: C:\ST\STM32CubeIDE_1.5.1\STM32CubeIDE\plugins\com.st.stm32cube.common.mx_6.2.1.202103241236\\db\
2021-09-26 19:41:15,467 [INFO] CodeEngine:229 - oldGeneratedFile, C:\Video\Stepper_1\Stepper_Motor_1\MXTmpFiles\license.tmp_save
2021-09-26 19:41:17,299 [INFO] CodeEngine:247 - Generated code: C:\Video\Stepper_1\Stepper_Motor_1\MXTmpFiles\license.tmp
2021-09-26 19:41:17,598 [INFO] CodeEngine:229 - oldGeneratedFile, C:\Video\Stepper_1\Stepper_Motor_1\Core\Src\stm32f0xx_it.c_save
2021-09-26 19:41:18,100 [INFO] CodeEngine:247 - Generated code: C:\Video\Stepper_1\Stepper_Motor_1\Core\Src\stm32f0xx_it.c
2021-09-26 19:41:18,104 [INFO] CodeEngine:229 - oldGeneratedFile, C:\Video\Stepper_1\Stepper_Motor_1\Core\Inc\stm32f0xx_it.h_save
2021-09-26 19:41:18,348 [INFO] CodeEngine:247 - Generated code: C:\Video\Stepper_1\Stepper_Motor_1\Core\Inc\stm32f0xx_it.h
2021-09-26 19:41:18,362 [INFO] CodeEngine:229 - oldGeneratedFile, C:\Video\Stepper_1\Stepper_Motor_1\Core\Src\stm32f0xx_hal_msp.c_save
2021-09-26 19:41:18,619 [INFO] CodeEngine:247 - Generated code: C:\Video\Stepper_1\Stepper_Motor_1\Core\Src\stm32f0xx_hal_msp.c
2021-09-26 19:41:18,623 [INFO] CodeEngine:229 - oldGeneratedFile, C:\Video\Stepper_1\Stepper_Motor_1\MXTmpFiles\system.tmp_save
2021-09-26 19:41:18,855 [INFO] CodeEngine:247 - Generated code: C:\Video\Stepper_1\Stepper_Motor_1\MXTmpFiles\system.tmp
2021-09-26 19:41:18,872 [INFO] CodeEngine:229 - oldGeneratedFile, C:\Video\Stepper_1\Stepper_Motor_1\Core\Inc\stm32f0xx_hal_conf.h_save
2021-09-26 19:41:19,129 [INFO] CodeEngine:247 - Generated code: C:\Video\Stepper_1\Stepper_Motor_1\Core\Inc\stm32f0xx_hal_conf.h
2021-09-26 19:41:19,239 [INFO] CodeEngine:229 - oldGeneratedFile, C:\Video\Stepper_1\Stepper_Motor_1\Core\Inc\main.h_save
2021-09-26 19:41:19,460 [INFO] CodeEngine:247 - Generated code: C:\Video\Stepper_1\Stepper_Motor_1\Core\Inc\main.h
2021-09-26 19:41:19,464 [INFO] CodeEngine:229 - oldGeneratedFile, C:\Video\Stepper_1\Stepper_Motor_1\Core\Src\main.c_save
2021-09-26 19:41:19,897 [INFO] CodeEngine:247 - Generated code: C:\Video\Stepper_1\Stepper_Motor_1\Core\Src\main.c
2021-09-26 19:41:24,599 [INFO] ProjectBuilder:2460 - Time for Copy HAL[1] : 73mS.
2021-09-26 19:41:24,609 [INFO] ProjectBuilder:3418 - Project Generator version: 3.13.0-B3
2021-09-26 19:41:26,417 [INFO] ConfigFileManager:1242 - The Die is : DIE448
2021-09-26 19:41:26,447 [INFO] ApiDbMcu:458 - Load IP Config File for FATFS
2021-09-26 19:41:26,694 [INFO] ApiDbMcu:458 - Load IP Config File for FREERTOS
2021-09-26 19:41:27,189 [INFO] ApiDbMcu:458 - Load IP Config File for TOUCHSENSING
2021-09-26 19:41:27,283 [INFO] ApiDbMcu:458 - Load IP Config File for USB_DEVICE
2021-09-26 19:41:34,205 [ERROR] LogOutputStream:74 - [STDERR_REDIRECT] Managed Build system manifest file error: Could not load icon "icons/chip.png".
2021-09-26 19:41:34,210 [ERROR] LogOutputStream:74 - [STDERR_REDIRECT] Managed Build system manifest file error: Could not load icon "icons/chip.png".
2021-09-26 19:41:34,217 [ERROR] LogOutputStream:74 - [STDERR_REDIRECT] Managed Build system manifest file error: Could not load icon "icons/chip.png".
2021-09-26 19:41:39,368 [INFO] ProjectBuilder:3584 - Time for Generating toolchain IDE Files: 14759mS.
2021-09-26 19:41:39,370 [INFO] ProjectBuilder:2339 - Time for Copy CMSIS : 1mS.
2021-09-26 19:41:39,372 [INFO] ProjectBuilder:2339 - Time for Copy CMSIS : 0mS.
2021-09-26 19:41:42,845 [INFO] ApiDb:276 - Save user favorites file C:\Users\Михаил/.stm32cubeide/favorites.mcus.txt: 0 item(s)
2021-09-26 19:41:42,845 [INFO] ApiDb:280 - User favorites MCUs=[]
2021-09-26 19:42:11,466 [INFO] NvicIntPanel:90 - NVIC parent = com.st.microxplorer.plugins.ip.nvic.MultiNvicIntPanel[,0,0,0x0,invalid,layout=javax.swing.BoxLayout,alignmentX=0.0,alignmentY=0.0,border=,flags=9,maximumSize=,minimumSize=,preferredSize=]
2021-09-26 19:42:16,453 [INFO] NvicIntPanel:90 - NVIC parent = com.st.microxplorer.plugins.ip.nvic.MultiNvicIntPanel[,0,0,0x0,invalid,layout=javax.swing.BoxLayout,alignmentX=0.0,alignmentY=0.0,border=,flags=9,maximumSize=,minimumSize=,preferredSize=]
2021-09-26 19:42:31,815 [INFO] NvicIntPanel:90 - NVIC parent = com.st.microxplorer.plugins.ip.nvic.MultiNvicIntPanel[,0,0,0x0,invalid,layout=javax.swing.BoxLayout,alignmentX=0.0,alignmentY=0.0,border=,flags=9,maximumSize=,minimumSize=,preferredSize=]
2021-09-26 19:42:46,205 [INFO] NvicIntPanel:90 - NVIC parent = com.st.microxplorer.plugins.ip.nvic.MultiNvicIntPanel[,0,0,0x0,invalid,layout=javax.swing.BoxLayout,alignmentX=0.0,alignmentY=0.0,border=,flags=9,maximumSize=,minimumSize=,preferredSize=]
2021-09-26 19:42:56,614 [INFO] NvicIntPanel:90 - NVIC parent = com.st.microxplorer.plugins.ip.nvic.MultiNvicIntPanel[,0,0,0x0,invalid,layout=javax.swing.BoxLayout,alignmentX=0.0,alignmentY=0.0,border=,flags=9,maximumSize=,minimumSize=,preferredSize=]
2021-09-26 19:43:30,391 [INFO] NvicIntPanel:90 - NVIC parent = com.st.microxplorer.plugins.ip.nvic.MultiNvicIntPanel[,0,0,450x200,layout=javax.swing.BoxLayout,alignmentX=0.0,alignmentY=0.0,border=,flags=9,maximumSize=,minimumSize=,preferredSize=]
2021-09-26 19:43:39,748 [INFO] NvicIntPanel:90 - NVIC parent = com.st.microxplorer.plugins.ip.nvic.MultiNvicIntPanel[,0,0,0x0,invalid,layout=javax.swing.BoxLayout,alignmentX=0.0,alignmentY=0.0,border=,flags=9,maximumSize=,minimumSize=,preferredSize=]
2021-09-26 19:43:52,300 [INFO] UtilMem:74 - End SaveConfig() Used Memory: 822555104 Bytes (993001472)
2021-09-26 19:43:59,049 [INFO] UtilMem:74 - End SaveConfig() Used Memory: 683820896 Bytes (993001472)
2021-09-26 19:44:01,095 [INFO] BlockDiagram:2735 - set Specific Code input for plugin: NVIC
2021-09-26 19:44:01,096 [INFO] BlockDiagram:2735 - set Specific Code input for plugin: USART
2021-09-26 19:44:01,096 [INFO] BlockDiagram:2735 - set Specific Code input for plugin: SYS
2021-09-26 19:44:01,097 [INFO] BlockDiagram:2735 - set Specific Code input for plugin: GPIO
2021-09-26 19:44:01,097 [INFO] BlockDiagram:2735 - set Specific Code input for plugin: RCC
2021-09-26 19:44:01,098 [INFO] CodeGenerator:641 - code generatio: config db path: C:\ST\STM32CubeIDE_1.5.1\STM32CubeIDE\plugins\com.st.stm32cube.common.mx_6.2.1.202103241236\\db\
2021-09-26 19:44:02,463 [INFO] CodeEngine:229 - oldGeneratedFile, C:\Video\Stepper_1\Stepper_Motor_1\MXTmpFiles\license.tmp_save
2021-09-26 19:44:03,121 [INFO] CodeEngine:247 - Generated code: C:\Video\Stepper_1\Stepper_Motor_1\MXTmpFiles\license.tmp
2021-09-26 19:44:04,279 [INFO] CodeEngine:229 - oldGeneratedFile, C:\Video\Stepper_1\Stepper_Motor_1\MXTmpFiles\gpio.tmp_save
2021-09-26 19:44:04,594 [INFO] CodeEngine:247 - Generated code: C:\Video\Stepper_1\Stepper_Motor_1\MXTmpFiles\gpio.tmp
2021-09-26 19:44:05,309 [INFO] LogOutputStream:76 - [STDOUT_REDIRECT] Command line
2021-09-26 19:44:05,328 [INFO] CodeEngine:229 - oldGeneratedFile, C:\Video\Stepper_1\Stepper_Motor_1\Core\Src\stm32f0xx_it.c_save
2021-09-26 19:44:05,661 [INFO] CodeEngine:247 - Generated code: C:\Video\Stepper_1\Stepper_Motor_1\Core\Src\stm32f0xx_it.c
2021-09-26 19:44:05,667 [INFO] CodeEngine:229 - oldGeneratedFile, C:\Video\Stepper_1\Stepper_Motor_1\Core\Inc\stm32f0xx_it.h_save
2021-09-26 19:44:05,969 [INFO] CodeEngine:247 - Generated code: C:\Video\Stepper_1\Stepper_Motor_1\Core\Inc\stm32f0xx_it.h
2021-09-26 19:44:05,984 [INFO] CodeEngine:229 - oldGeneratedFile, C:\Video\Stepper_1\Stepper_Motor_1\Core\Src\stm32f0xx_hal_msp.c_save
2021-09-26 19:44:06,438 [INFO] CodeEngine:247 - Generated code: C:\Video\Stepper_1\Stepper_Motor_1\Core\Src\stm32f0xx_hal_msp.c
2021-09-26 19:44:06,443 [INFO] CodeEngine:229 - oldGeneratedFile, C:\Video\Stepper_1\Stepper_Motor_1\MXTmpFiles\system.tmp_save
2021-09-26 19:44:06,573 [INFO] CodeEngine:247 - Generated code: C:\Video\Stepper_1\Stepper_Motor_1\MXTmpFiles\system.tmp
2021-09-26 19:44:06,584 [INFO] CodeEngine:229 - oldGeneratedFile, C:\Video\Stepper_1\Stepper_Motor_1\Core\Inc\stm32f0xx_hal_conf.h_save
2021-09-26 19:44:06,740 [INFO] CodeEngine:247 - Generated code: C:\Video\Stepper_1\Stepper_Motor_1\Core\Inc\stm32f0xx_hal_conf.h
2021-09-26 19:44:06,815 [INFO] CodeEngine:229 - oldGeneratedFile, C:\Video\Stepper_1\Stepper_Motor_1\Core\Inc\main.h_save
2021-09-26 19:44:07,062 [INFO] CodeEngine:247 - Generated code: C:\Video\Stepper_1\Stepper_Motor_1\Core\Inc\main.h
2021-09-26 19:44:07,067 [INFO] CodeEngine:229 - oldGeneratedFile, C:\Video\Stepper_1\Stepper_Motor_1\Core\Src\main.c_save
2021-09-26 19:44:07,331 [INFO] CodeEngine:247 - Generated code: C:\Video\Stepper_1\Stepper_Motor_1\Core\Src\main.c
2021-09-26 19:44:10,854 [INFO] ProjectBuilder:2460 - Time for Copy HAL[1] : 576mS.
2021-09-26 19:44:10,861 [INFO] ProjectBuilder:3418 - Project Generator version: 3.13.0-B3
2021-09-26 19:44:13,122 [INFO] ConfigFileManager:1242 - The Die is : DIE448
2021-09-26 19:44:26,004 [INFO] ProjectBuilder:3584 - Time for Generating toolchain IDE Files: 15143mS.
2021-09-26 19:44:26,005 [INFO] ProjectBuilder:2339 - Time for Copy CMSIS : 1mS.
2021-09-26 19:44:26,007 [INFO] ProjectBuilder:2339 - Time for Copy CMSIS : 0mS.
2021-09-26 19:49:41,405 [INFO] UtilMem:74 - End SaveConfig() Used Memory: 583979664 Bytes (1034944512)
2021-09-26 19:49:43,277 [INFO] BlockDiagram:2735 - set Specific Code input for plugin: NVIC
2021-09-26 19:49:43,277 [INFO] BlockDiagram:2735 - set Specific Code input for plugin: USART
2021-09-26 19:49:43,277 [INFO] BlockDiagram:2735 - set Specific Code input for plugin: SYS
2021-09-26 19:49:43,279 [INFO] BlockDiagram:2735 - set Specific Code input for plugin: GPIO
2021-09-26 19:49:43,280 [INFO] BlockDiagram:2735 - set Specific Code input for plugin: RCC
2021-09-26 19:49:43,281 [INFO] CodeGenerator:641 - code generatio: config db path: C:\ST\STM32CubeIDE_1.5.1\STM32CubeIDE\plugins\com.st.stm32cube.common.mx_6.2.1.202103241236\\db\
2021-09-26 19:49:45,446 [INFO] CodeEngine:229 - oldGeneratedFile, C:\Video\Stepper_1\Stepper_Motor_1\MXTmpFiles\license.tmp_save
2021-09-26 19:49:45,732 [INFO] CodeEngine:247 - Generated code: C:\Video\Stepper_1\Stepper_Motor_1\MXTmpFiles\license.tmp
2021-09-26 19:49:46,277 [INFO] CodeEngine:229 - oldGeneratedFile, C:\Video\Stepper_1\Stepper_Motor_1\MXTmpFiles\gpio.tmp_save
2021-09-26 19:49:46,484 [INFO] CodeEngine:247 - Generated code: C:\Video\Stepper_1\Stepper_Motor_1\MXTmpFiles\gpio.tmp
2021-09-26 19:49:47,126 [INFO] LogOutputStream:76 - [STDOUT_REDIRECT] Command line
2021-09-26 19:49:47,304 [INFO] CodeEngine:229 - oldGeneratedFile, C:\Video\Stepper_1\Stepper_Motor_1\Core\Src\stm32f0xx_it.c_save
2021-09-26 19:49:47,701 [INFO] CodeEngine:247 - Generated code: C:\Video\Stepper_1\Stepper_Motor_1\Core\Src\stm32f0xx_it.c
2021-09-26 19:49:47,707 [INFO] CodeEngine:229 - oldGeneratedFile, C:\Video\Stepper_1\Stepper_Motor_1\Core\Inc\stm32f0xx_it.h_save
2021-09-26 19:49:47,903 [INFO] CodeEngine:247 - Generated code: C:\Video\Stepper_1\Stepper_Motor_1\Core\Inc\stm32f0xx_it.h
2021-09-26 19:49:47,918 [INFO] CodeEngine:229 - oldGeneratedFile, C:\Video\Stepper_1\Stepper_Motor_1\Core\Src\stm32f0xx_hal_msp.c_save
2021-09-26 19:49:48,683 [INFO] CodeEngine:247 - Generated code: C:\Video\Stepper_1\Stepper_Motor_1\Core\Src\stm32f0xx_hal_msp.c
2021-09-26 19:49:48,687 [INFO] CodeEngine:229 - oldGeneratedFile, C:\Video\Stepper_1\Stepper_Motor_1\MXTmpFiles\system.tmp_save
2021-09-26 19:49:48,874 [INFO] CodeEngine:247 - Generated code: C:\Video\Stepper_1\Stepper_Motor_1\MXTmpFiles\system.tmp
2021-09-26 19:49:48,885 [INFO] CodeEngine:229 - oldGeneratedFile, C:\Video\Stepper_1\Stepper_Motor_1\Core\Inc\stm32f0xx_hal_conf.h_save
2021-09-26 19:49:49,148 [INFO] CodeEngine:247 - Generated code: C:\Video\Stepper_1\Stepper_Motor_1\Core\Inc\stm32f0xx_hal_conf.h
2021-09-26 19:49:49,258 [INFO] CodeEngine:229 - oldGeneratedFile, C:\Video\Stepper_1\Stepper_Motor_1\Core\Inc\main.h_save
2021-09-26 19:49:49,435 [INFO] CodeEngine:247 - Generated code: C:\Video\Stepper_1\Stepper_Motor_1\Core\Inc\main.h
2021-09-26 19:49:49,441 [INFO] CodeEngine:229 - oldGeneratedFile, C:\Video\Stepper_1\Stepper_Motor_1\Core\Src\main.c_save
2021-09-26 19:49:49,895 [INFO] CodeEngine:247 - Generated code: C:\Video\Stepper_1\Stepper_Motor_1\Core\Src\main.c
2021-09-26 19:49:55,028 [INFO] ProjectBuilder:2460 - Time for Copy HAL[1] : 153mS.
2021-09-26 19:49:55,037 [INFO] ProjectBuilder:3418 - Project Generator version: 3.13.0-B3
2021-09-26 19:49:57,206 [INFO] ConfigFileManager:1242 - The Die is : DIE448
2021-09-26 19:50:08,623 [INFO] ProjectBuilder:3584 - Time for Generating toolchain IDE Files: 13586mS.
2021-09-26 19:50:08,624 [INFO] ProjectBuilder:2339 - Time for Copy CMSIS : 1mS.
2021-09-26 19:50:08,626 [INFO] ProjectBuilder:2339 - Time for Copy CMSIS : 0mS.
2021-09-28 23:06:13,576 [INFO] Activator:170 - 


2021-09-28 23:06:13,596 [INFO] Activator:171 - !SESSION log4j initialized
2021-09-28 23:06:17,846 [ERROR] LogOutputStream:74 - [STDERR_REDIRECT] Managed Build system manifest file error: Could not load icon "icons/chip.png".
2021-09-28 23:06:17,853 [ERROR] LogOutputStream:74 - [STDERR_REDIRECT] Managed Build system manifest file error: Could not load icon "icons/chip.png".
2021-09-28 23:06:17,877 [ERROR] LogOutputStream:74 - [STDERR_REDIRECT] Managed Build system manifest file error: Could not load icon "icons/chip.png".
2021-10-03 17:37:58,520 [INFO] Activator:170 - 


2021-10-03 17:37:58,544 [INFO] Activator:171 - !SESSION log4j initialized
2021-10-03 17:38:03,404 [ERROR] LogOutputStream:74 - [STDERR_REDIRECT] Managed Build system manifest file error: Could not load icon "icons/chip.png".
2021-10-03 17:38:03,416 [ERROR] LogOutputStream:74 - [STDERR_REDIRECT] Managed Build system manifest file error: Could not load icon "icons/chip.png".
2021-10-03 17:38:03,451 [ERROR] LogOutputStream:74 - [STDERR_REDIRECT] Managed Build system manifest file error: Could not load icon "icons/chip.png".
